Command line:
   impres_tb_isim_beh.exe
     -simmode  gui
     -simrunnum  0
     -socket  62901

Wed Jun 02 17:24:11 2021


 Elaboration Time: 0.03125 sec

 Current Memory Usage: 5150.02 Meg

 Total Signals          : 18
 Total Nets             : 60
 Total Signal Drivers   : 9
 Total Blocks           : 5
 Total Primitive Blocks : 4
 Total Processes        : 4
 Total Traceable Variables  : 12
 Total Scalar Nets and Variables : 440
Total Line Count : 38

 Total Simulation Time: 0.328125 sec

 Current Memory Usage: 4678.16 Meg

Wed Jun 02 17:27:30 2021

