Command line:
   num_aleatorio_tb_isim_beh.exe
     -simmode  gui
     -simrunnum  0
     -socket  51511

Wed Jun 02 16:59:21 2021


 Elaboration Time: 0.03125 sec

 Current Memory Usage: 5150.06 Meg

 Total Signals          : 14
 Total Nets             : 22
 Total Signal Drivers   : 9
 Total Blocks           : 5
 Total Primitive Blocks : 4
 Total Processes        : 5
 Total Traceable Variables  : 11
 Total Scalar Nets and Variables : 401
Total Line Count : 52

 Total Simulation Time: 0.03125 sec

 Current Memory Usage: 5464.63 Meg

Wed Jun 02 17:00:01 2021

