Command line:
   imprime_r_isim_beh.exe
     -simmode  gui
     -simrunnum  1
     -socket  58762

Wed Jun 02 17:19:30 2021


 Elaboration Time: 0.03125 sec

 Current Memory Usage: 5150.68 Meg

 Total Signals          : 10
 Total Nets             : 60
 Total Signal Drivers   : 6
 Total Blocks           : 4
 Total Primitive Blocks : 4
 Total Processes        : 1
 Total Traceable Variables  : 11
 Total Scalar Nets and Variables : 439
Total Line Count : 23

 Total Simulation Time: 0.03125 sec

 Current Memory Usage: 5150.68 Meg

Wed Jun 02 17:19:35 2021

