--------------------------------------------------------------------------------
Release 14.7 Trace  (nt64)
Copyright (c) 1995-2013 Xilinx, Inc.  All rights reserved.

C:\Xilinx\14.7\ISE_DS\ISE\bin\nt64\unwrapped\trce.exe -intstyle ise -v 3 -s 4
-n 3 -fastpaths -xml juego.twx juego.ncd -o juego.twr juego.pcf -ucf
juego_basys2.ucf

Design file:              juego.ncd
Physical constraint file: juego.pcf
Device,package,speed:     xc3s100e,cp132,-4 (PRODUCTION 1.27 2013-10-13)
Report level:             verbose report

Environment Variable      Effect 
--------------------      ------ 
NONE                      No environment variables were set
--------------------------------------------------------------------------------

INFO:Timing:2698 - No timing constraints found, doing default enumeration.
INFO:Timing:3412 - To improve timing, see the Timing Closure User Guide (UG612).
INFO:Timing:2752 - To get complete path coverage, use the unconstrained paths 
   option. All paths that are not constrained will be reported in the 
   unconstrained paths section(s) of the report.
INFO:Timing:3339 - The clock-to-out numbers in this timing report are based on 
   a 50 Ohm transmission line loading model.  For the details of this model, 
   and for more information on accounting for different loading conditions, 
   please see the device datasheet.
INFO:Timing:3390 - This architecture does not support a default System Jitter 
   value, please add SYSTEM_JITTER constraint to the UCF to modify the Clock 
   Uncertainty calculation.
INFO:Timing:3389 - This architecture does not support 'Discrete Jitter' and 
   'Phase Error' calculations, these terms will be zero in the Clock 
   Uncertainty calculation.  Please make appropriate modification to 
   SYSTEM_JITTER to account for the unsupported Discrete Jitter and Phase 
   Error.



Data Sheet report:
-----------------
All values displayed in nanoseconds (ns)

Setup/Hold to clock clk
------------+------------+------------+------------------+--------+
            |Max Setup to|Max Hold to |                  | Clock  |
Source      | clk (edge) | clk (edge) |Internal Clock(s) | Phase  |
------------+------------+------------+------------------+--------+
datos<0>    |    0.393(F)|    0.866(F)|clk_BUFGP         |   0.000|
datos<1>    |    1.523(F)|   -0.039(F)|clk_BUFGP         |   0.000|
datos<2>    |    0.724(F)|    0.597(F)|clk_BUFGP         |   0.000|
datos<3>    |    0.762(F)|    0.567(F)|clk_BUFGP         |   0.000|
inicio_juego|    2.143(R)|    0.951(R)|clk_BUFGP         |   0.000|
            |    0.803(F)|    0.538(F)|clk_BUFGP         |   0.000|
pul_dato    |    2.170(R)|    0.960(R)|clk_BUFGP         |   0.000|
            |    1.738(F)|   -0.210(F)|clk_BUFGP         |   0.000|
reset       |    2.366(R)|   -0.175(R)|clk_BUFGP         |   0.000|
            |    1.931(F)|   -0.126(F)|clk_BUFGP         |   0.000|
------------+------------+------------+------------------+--------+

Clock clk to Pad
------------+------------+------------------+--------+
            | clk (edge) |                  | Clock  |
Destination |   to PAD   |Internal Clock(s) | Phase  |
------------+------------+------------------+--------+
blue<1>     |   27.212(R)|clk_BUFGP         |   0.000|
blue<2>     |   27.461(R)|clk_BUFGP         |   0.000|
green<0>    |   27.720(R)|clk_BUFGP         |   0.000|
green<1>    |   27.955(R)|clk_BUFGP         |   0.000|
green<2>    |   27.466(R)|clk_BUFGP         |   0.000|
red<0>      |   28.471(R)|clk_BUFGP         |   0.000|
red<1>      |   28.223(R)|clk_BUFGP         |   0.000|
red<2>      |   27.955(R)|clk_BUFGP         |   0.000|
------------+------------+------------------+--------+

Clock to Setup on destination clock clk
---------------+---------+---------+---------+---------+
               | Src:Rise| Src:Fall| Src:Rise| Src:Fall|
Source Clock   |Dest:Rise|Dest:Rise|Dest:Fall|Dest:Fall|
---------------+---------+---------+---------+---------+
clk            |   11.293|    5.265|    9.765|    2.738|
---------------+---------+---------+---------+---------+


Analysis completed Wed Jun 02 17:28:46 2021 
--------------------------------------------------------------------------------

Trace Settings:
-------------------------
Trace Settings 

Peak Memory Usage: 4503 MB



