--------------------------------------------------------------------------------
Release 14.7 Trace  (nt64)
Copyright (c) 1995-2013 Xilinx, Inc.  All rights reserved.

C:\Xilinx\14.7\ISE_DS\ISE\bin\nt64\unwrapped\trce.exe -intstyle ise -v 3 -s 5
-n 3 -fastpaths -xml juego.twx juego.ncd -o juego.twr juego.pcf

Design file:              juego.ncd
Physical constraint file: juego.pcf
Device,package,speed:     xc3s100e,cp132,-5 (PRODUCTION 1.27 2013-10-13)
Report level:             verbose report

Environment Variable      Effect 
--------------------      ------ 
NONE                      No environment variables were set
--------------------------------------------------------------------------------

INFO:Timing:2698 - No timing constraints found, doing default enumeration.
INFO:Timing:3412 - To improve timing, see the Timing Closure User Guide (UG612).
INFO:Timing:2752 - To get complete path coverage, use the unconstrained paths 
   option. All paths that are not constrained will be reported in the 
   unconstrained paths section(s) of the report.
INFO:Timing:3339 - The clock-to-out numbers in this timing report are based on 
   a 50 Ohm transmission line loading model.  For the details of this model, 
   and for more information on accounting for different loading conditions, 
   please see the device datasheet.
INFO:Timing:3390 - This architecture does not support a default System Jitter 
   value, please add SYSTEM_JITTER constraint to the UCF to modify the Clock 
   Uncertainty calculation.
INFO:Timing:3389 - This architecture does not support 'Discrete Jitter' and 
   'Phase Error' calculations, these terms will be zero in the Clock 
   Uncertainty calculation.  Please make appropriate modification to 
   SYSTEM_JITTER to account for the unsupported Discrete Jitter and Phase 
   Error.



Data Sheet report:
-----------------
All values displayed in nanoseconds (ns)

Setup/Hold to clock clk
------------+------------+------------+------------------+--------+
            |Max Setup to|Max Hold to |                  | Clock  |
Source      | clk (edge) | clk (edge) |Internal Clock(s) | Phase  |
------------+------------+------------+------------------+--------+
datos<0>    |    1.033(R)|    0.422(R)|clk_BUFGP         |   0.000|
datos<1>    |    0.628(R)|    0.746(R)|clk_BUFGP         |   0.000|
datos<2>    |    0.872(R)|    0.551(R)|clk_BUFGP         |   0.000|
datos<3>    |    0.696(R)|    0.692(R)|clk_BUFGP         |   0.000|
inicio_juego|    2.533(R)|   -0.878(R)|clk_BUFGP         |   0.000|
pul_dato    |    2.553(R)|   -0.894(R)|clk_BUFGP         |   0.000|
reset       |    3.182(R)|   -0.951(R)|clk_BUFGP         |   0.000|
------------+------------+------------+------------------+--------+

Clock clk to Pad
------------+------------+------------------+--------+
            | clk (edge) |                  | Clock  |
Destination |   to PAD   |Internal Clock(s) | Phase  |
------------+------------+------------------+--------+
blue<1>     |   21.841(R)|clk_BUFGP         |   0.000|
blue<2>     |   22.063(R)|clk_BUFGP         |   0.000|
green<0>    |   21.825(R)|clk_BUFGP         |   0.000|
green<1>    |   22.296(R)|clk_BUFGP         |   0.000|
green<2>    |   22.094(R)|clk_BUFGP         |   0.000|
red<0>      |   22.063(R)|clk_BUFGP         |   0.000|
red<1>      |   22.280(R)|clk_BUFGP         |   0.000|
red<2>      |   22.280(R)|clk_BUFGP         |   0.000|
------------+------------+------------------+--------+

Clock to Setup on destination clock clk
---------------+---------+---------+---------+---------+
               | Src:Rise| Src:Fall| Src:Rise| Src:Fall|
Source Clock   |Dest:Rise|Dest:Rise|Dest:Fall|Dest:Fall|
---------------+---------+---------+---------+---------+
clk            |    1.241|         |         |         |
---------------+---------+---------+---------+---------+


Analysis completed Wed May 26 16:33:41 2021 
--------------------------------------------------------------------------------

Trace Settings:
-------------------------
Trace Settings 

Peak Memory Usage: 4503 MB



